<?xml version="1.0" encoding="UTF-8"?>
<testng-results ignored="0" total="1" passed="1" failed="0" skipped="0">
  <reporter-output>
  </reporter-output>
  <suite started-at="2021-12-09T15:41:35 IST" name="Default suite" finished-at="2021-12-09T15:41:35 IST" duration-ms="105">
    <groups>
    </groups>
    <test started-at="2021-12-09T15:41:35 IST" name="Default test" finished-at="2021-12-09T15:41:35 IST" duration-ms="105">
      <class name="com.crm.SDET25.vtiger.Testng1">
        <test-method signature="test()[pri:0, instance:com.crm.SDET25.vtiger.Testng1@2beee7ff]" started-at="2021-12-09T15:41:35 IST" name="test" finished-at="2021-12-09T15:41:35 IST" duration-ms="15" status="PASS">
          <reporter-output>
          </reporter-output>
        </test-method> <!-- test -->
      </class> <!-- com.crm.SDET25.vtiger.Testng1 -->
    </test> <!-- Default test -->
  </suite> <!-- Default suite -->
</testng-results>
